<?xml version="1.0" encoding="UTF-8"?>
<!-- Generated by org.testng.reporters.JUnitXMLReporter -->
<testsuite ignored="0" hostname="RAJU" failures="0" tests="3" name="OrangeApplicationTestCases" time="2.447" errors="0" timestamp="2023-02-14T18:24:16 IST">
  <testcase classname="com.OrangeHRMApplication.BaseTest" name="@BeforeTest applicationLaunch" time="2.333">
    <failure type="org.openqa.selenium.SessionNotCreatedException" message="session not created: This version of ChromeDriver only supports Chrome version 108
Current browser version is 110.0.5481.78 with binary path C:\Program Files\Google\Chrome\Application\chrome.exe
Build info: version: &amp;apos;3.141.59&amp;apos;, revision: &amp;apos;e82be7d358&amp;apos;, time: &amp;apos;2018-11-14T08:17:03&amp;apos;
System info: host: &amp;apos;RAJU&amp;apos;, ip: &amp;apos;127.0.0.1&amp;apos;, os.name: &amp;apos;Windows 11&amp;apos;, os.arch: &amp;apos;amd64&amp;apos;, os.version: &amp;apos;10.0&amp;apos;, java.version: &amp;apos;17.0.5&amp;apos;
Driver info: driver.version: ChromeDriver
remote stacktrace: Backtrace:
	(No symbol) [0x0038F243]
	(No symbol) [0x00317FD1]
	(No symbol) [0x0020D04D]
	(No symbol) [0x0022F6B4]
	(No symbol) [0x0022A97C]
	(No symbol) [0x002282E9]
	(No symbol) [0x0025F056]
	(No symbol) [0x0025EB2A]
	(No symbol) [0x00258386]
	(No symbol) [0x0023163C]
	(No symbol) [0x0023269D]
	GetHandleVerifier [0x00629A22+2655074]
	GetHandleVerifier [0x0061CA24+2601828]
	GetHandleVerifier [0x00438C0A+619850]
	GetHandleVerifier [0x00437830+614768]
	(No symbol) [0x003205FC]
	(No symbol) [0x00325968]
	(No symbol) [0x00325A55]
	(No symbol) [0x0033051B]
	BaseThreadInitThunk [0x769F6BD9+25]
	RtlGetFullPathName_UEx [0x774E8FD2+1218]
	RtlGetFullPathName_UEx [0x774E8F9D+1165]
">
      <![CDATA[org.openqa.selenium.SessionNotCreatedException: session not created: This version of ChromeDriver only supports Chrome version 108
Current browser version is 110.0.5481.78 with binary path C:\Program Files\Google\Chrome\Application\chrome.exe
Build info: version: '3.141.59', revision: 'e82be7d358', time: '2018-11-14T08:17:03'
System info: host: 'RAJU', ip: '127.0.0.1', os.name: 'Windows 11', os.arch: 'amd64', os.version: '10.0', java.version: '17.0.5'
Driver info: driver.version: ChromeDriver
remote stacktrace: Backtrace:
(No symbol) [0x0038F243]
(No symbol) [0x00317FD1]
(No symbol) [0x0020D04D]
(No symbol) [0x0022F6B4]
(No symbol) [0x0022A97C]
(No symbol) [0x002282E9]
(No symbol) [0x0025F056]
(No symbol) [0x0025EB2A]
(No symbol) [0x00258386]
(No symbol) [0x0023163C]
(No symbol) [0x0023269D]
GetHandleVerifier [0x00629A22+2655074]
GetHandleVerifier [0x0061CA24+2601828]
GetHandleVerifier [0x00438C0A+619850]
GetHandleVerifier [0x00437830+614768]
(No symbol) [0x003205FC]
(No symbol) [0x00325968]
(No symbol) [0x00325A55]
(No symbol) [0x0033051B]
BaseThreadInitThunk [0x769F6BD9+25]
RtlGetFullPathName_UEx [0x774E8FD2+1218]
RtlGetFullPathName_UEx [0x774E8F9D+1165]

at org.openqa.selenium.remote.W3CHandshakeResponse.lambda$errorHandler$0(W3CHandshakeResponse.java:62)
at org.openqa.selenium.remote.HandshakeResponse.lambda$getResponseFunction$0(HandshakeResponse.java:30)
at org.openqa.selenium.remote.ProtocolHandshake.lambda$createSession$0(ProtocolHandshake.java:126)
at java.base/java.util.stream.ReferencePipeline$3$1.accept(ReferencePipeline.java:197)
at java.base/java.util.Spliterators$ArraySpliterator.tryAdvance(Spliterators.java:1002)
at java.base/java.util.stream.ReferencePipeline.forEachWithCancel(ReferencePipeline.java:129)
at java.base/java.util.stream.AbstractPipeline.copyIntoWithCancel(AbstractPipeline.java:527)
at java.base/java.util.stream.AbstractPipeline.copyInto(AbstractPipeline.java:513)
at java.base/java.util.stream.AbstractPipeline.wrapAndCopyInto(AbstractPipeline.java:499)
at java.base/java.util.stream.FindOps$FindOp.evaluateSequential(FindOps.java:150)
at java.base/java.util.stream.AbstractPipeline.evaluate(AbstractPipeline.java:234)
at java.base/java.util.stream.ReferencePipeline.findFirst(ReferencePipeline.java:647)
at org.openqa.selenium.remote.ProtocolHandshake.createSession(ProtocolHandshake.java:128)
at org.openqa.selenium.remote.ProtocolHandshake.createSession(ProtocolHandshake.java:74)
at org.openqa.selenium.remote.HttpCommandExecutor.execute(HttpCommandExecutor.java:136)
at org.openqa.selenium.remote.service.DriverCommandExecutor.execute(DriverCommandExecutor.java:83)
at org.openqa.selenium.remote.RemoteWebDriver.execute(RemoteWebDriver.java:552)
at org.openqa.selenium.remote.RemoteWebDriver.startSession(RemoteWebDriver.java:213)
at org.openqa.selenium.remote.RemoteWebDriver.<init>(RemoteWebDriver.java:131)
at org.openqa.selenium.chrome.ChromeDriver.<init>(ChromeDriver.java:181)
at org.openqa.selenium.chrome.ChromeDriver.<init>(ChromeDriver.java:168)
at org.openqa.selenium.chrome.ChromeDriver.<init>(ChromeDriver.java:123)
at com.OrangeHRMApplication.BaseTest.applicationLaunch(BaseTest.java:18)
... Removed 29 stack frames]]>
    </failure>
  </testcase> <!-- @BeforeTest applicationLaunch -->
  <testcase classname="com.OrangeHRMApplication.BaseTest" name="@AfterTest Applicationclose" time="-1.676379256293E9">
    <skipped/>
  </testcase> <!-- @AfterTest Applicationclose -->
  <testcase classname="com.OrangeApplicationTestCases.LoginFuctionalityTest" name="validatingLoginText" time="0.0">
    <skipped/>
  </testcase> <!-- validatingLoginText -->
  <testcase classname="com.OrangeApplicationTestCases.LoginFuctionalityTest" name="validateloginfuctionalitytest" time="0.0">
    <skipped/>
  </testcase> <!-- validateloginfuctionalitytest -->
  <testcase classname="com.OrangeApplicationTestCases.LoginFuctionalityTest" name="Logout" time="0.0">
    <skipped/>
  </testcase> <!-- Logout -->
</testsuite> <!-- OrangeApplicationTestCases -->
