<?xml version="1.0" encoding="UTF-8"?>
<testng-results ignored="0" total="6" passed="0" failed="0" skipped="6">
  <reporter-output>
  </reporter-output>
  <suite started-at="2023-02-08T12:39:59 IST" name="OrangeHRMApplication" finished-at="2023-02-08T12:40:01 IST" duration-ms="2463">
    <groups>
    </groups>
    <test started-at="2023-02-08T12:39:59 IST" name="OrangeHRMApplicationAddEmployee" finished-at="2023-02-08T12:40:01 IST" duration-ms="2369">
      <class name="com.OranageHRMTestCases.OHRM_AddEmployee">
        <test-method is-config="true" signature="applicationLaunch()[pri:0, instance:com.OranageHRMTestCases.OHRM_AddEmployee@5562c41e]" started-at="2023-02-08T12:39:59 IST" name="applicationLaunch" finished-at="2023-02-08T12:40:01 IST" duration-ms="2273" status="FAIL">
          <exception class="org.openqa.selenium.SessionNotCreatedException">
            <message>
              <![CDATA[session not created: This version of ChromeDriver only supports Chrome version 108
Current browser version is 110.0.5481.77 with binary path C:\Program Files\Google\Chrome\Application\chrome.exe
Build info: version: '3.141.59', revision: 'e82be7d358', time: '2018-11-14T08:25:53'
System info: host: 'RAJU', ip: '192.168.43.27', os.name: 'Windows 11', os.arch: 'amd64', os.version: '10.0', java.version: '17.0.5'
Driver info: driver.version: ChromeDriver
remote stacktrace: Backtrace:
(No symbol) [0x0035F243]
(No symbol) [0x002E7FD1]
(No symbol) [0x001DD04D]
(No symbol) [0x001FF6B4]
(No symbol) [0x001FA97C]
(No symbol) [0x001F82E9]
(No symbol) [0x0022F056]
(No symbol) [0x0022EB2A]
(No symbol) [0x00228386]
(No symbol) [0x0020163C]
(No symbol) [0x0020269D]
GetHandleVerifier [0x005F9A22+2655074]
GetHandleVerifier [0x005ECA24+2601828]
GetHandleVerifier [0x00408C0A+619850]
GetHandleVerifier [0x00407830+614768]
(No symbol) [0x002F05FC]
(No symbol) [0x002F5968]
(No symbol) [0x002F5A55]
(No symbol) [0x0030051B]
BaseThreadInitThunk [0x769F6BD9+25]
RtlGetFullPathName_UEx [0x774E8FD2+1218]
RtlGetFullPathName_UEx [0x774E8F9D+1165]
]]>
            </message>
            <full-stacktrace>
              <![CDATA[org.openqa.selenium.SessionNotCreatedException: session not created: This version of ChromeDriver only supports Chrome version 108
Current browser version is 110.0.5481.77 with binary path C:\Program Files\Google\Chrome\Application\chrome.exe
Build info: version: '3.141.59', revision: 'e82be7d358', time: '2018-11-14T08:25:53'
System info: host: 'RAJU', ip: '192.168.43.27', os.name: 'Windows 11', os.arch: 'amd64', os.version: '10.0', java.version: '17.0.5'
Driver info: driver.version: ChromeDriver
remote stacktrace: Backtrace:
(No symbol) [0x0035F243]
(No symbol) [0x002E7FD1]
(No symbol) [0x001DD04D]
(No symbol) [0x001FF6B4]
(No symbol) [0x001FA97C]
(No symbol) [0x001F82E9]
(No symbol) [0x0022F056]
(No symbol) [0x0022EB2A]
(No symbol) [0x00228386]
(No symbol) [0x0020163C]
(No symbol) [0x0020269D]
GetHandleVerifier [0x005F9A22+2655074]
GetHandleVerifier [0x005ECA24+2601828]
GetHandleVerifier [0x00408C0A+619850]
GetHandleVerifier [0x00407830+614768]
(No symbol) [0x002F05FC]
(No symbol) [0x002F5968]
(No symbol) [0x002F5A55]
(No symbol) [0x0030051B]
BaseThreadInitThunk [0x769F6BD9+25]
RtlGetFullPathName_UEx [0x774E8FD2+1218]
RtlGetFullPathName_UEx [0x774E8F9D+1165]

at java.base/jdk.internal.reflect.NativeConstructorAccessorImpl.newInstance0(Native Method)
at java.base/jdk.internal.reflect.NativeConstructorAccessorImpl.newInstance(NativeConstructorAccessorImpl.java:77)
at java.base/jdk.internal.reflect.DelegatingConstructorAccessorImpl.newInstance(DelegatingConstructorAccessorImpl.java:45)
at java.base/java.lang.reflect.Constructor.newInstanceWithCaller(Constructor.java:499)
at java.base/java.lang.reflect.Constructor.newInstance(Constructor.java:480)
at org.openqa.selenium.remote.W3CHandshakeResponse.lambda$errorHandler$0(W3CHandshakeResponse.java:62)
at org.openqa.selenium.remote.HandshakeResponse.lambda$getResponseFunction$0(HandshakeResponse.java:30)
at org.openqa.selenium.remote.ProtocolHandshake.lambda$createSession$0(ProtocolHandshake.java:126)
at java.base/java.util.stream.ReferencePipeline$3$1.accept(ReferencePipeline.java:197)
at java.base/java.util.Spliterators$ArraySpliterator.tryAdvance(Spliterators.java:1002)
at java.base/java.util.stream.ReferencePipeline.forEachWithCancel(ReferencePipeline.java:129)
at java.base/java.util.stream.AbstractPipeline.copyIntoWithCancel(AbstractPipeline.java:527)
at java.base/java.util.stream.AbstractPipeline.copyInto(AbstractPipeline.java:513)
at java.base/java.util.stream.AbstractPipeline.wrapAndCopyInto(AbstractPipeline.java:499)
at java.base/java.util.stream.FindOps$FindOp.evaluateSequential(FindOps.java:150)
at java.base/java.util.stream.AbstractPipeline.evaluate(AbstractPipeline.java:234)
at java.base/java.util.stream.ReferencePipeline.findFirst(ReferencePipeline.java:647)
at org.openqa.selenium.remote.ProtocolHandshake.createSession(ProtocolHandshake.java:128)
at org.openqa.selenium.remote.ProtocolHandshake.createSession(ProtocolHandshake.java:74)
at org.openqa.selenium.remote.HttpCommandExecutor.execute(HttpCommandExecutor.java:136)
at org.openqa.selenium.remote.service.DriverCommandExecutor.execute(DriverCommandExecutor.java:83)
at org.openqa.selenium.remote.RemoteWebDriver.execute(RemoteWebDriver.java:552)
at org.openqa.selenium.remote.RemoteWebDriver.startSession(RemoteWebDriver.java:213)
at org.openqa.selenium.remote.RemoteWebDriver.<init>(RemoteWebDriver.java:131)
at org.openqa.selenium.chrome.ChromeDriver.<init>(ChromeDriver.java:181)
at org.openqa.selenium.chrome.ChromeDriver.<init>(ChromeDriver.java:168)
at org.openqa.selenium.chrome.ChromeDriver.<init>(ChromeDriver.java:123)
at com.OrangeHRM.BaseTest.applicationLaunch(BaseTest.java:18)
at java.base/jdk.internal.reflect.NativeMethodAccessorImpl.invoke0(Native Method)
at java.base/jdk.internal.reflect.NativeMethodAccessorImpl.invoke(NativeMethodAccessorImpl.java:77)
at java.base/jdk.internal.reflect.DelegatingMethodAccessorImpl.invoke(DelegatingMethodAccessorImpl.java:43)
at java.base/java.lang.reflect.Method.invoke(Method.java:568)
at org.testng.internal.MethodInvocationHelper.invokeMethod(MethodInvocationHelper.java:133)
at org.testng.internal.MethodInvocationHelper.invokeMethodConsideringTimeout(MethodInvocationHelper.java:62)
at org.testng.internal.ConfigInvoker.invokeConfigurationMethod(ConfigInvoker.java:385)
at org.testng.internal.ConfigInvoker.invokeConfigurations(ConfigInvoker.java:321)
at org.testng.TestRunner.invokeTestConfigurations(TestRunner.java:637)
at org.testng.TestRunner.beforeRun(TestRunner.java:627)
at org.testng.TestRunner.run(TestRunner.java:589)
at org.testng.SuiteRunner.runTest(SuiteRunner.java:377)
at org.testng.SuiteRunner.access$000(SuiteRunner.java:28)
at org.testng.SuiteRunner$SuiteWorker.run(SuiteRunner.java:418)
at org.testng.internal.thread.ThreadUtil.lambda$execute$0(ThreadUtil.java:64)
at java.base/java.util.concurrent.FutureTask.run(FutureTask.java:264)
at java.base/java.util.concurrent.ThreadPoolExecutor.runWorker(ThreadPoolExecutor.java:1136)
at java.base/java.util.concurrent.ThreadPoolExecutor$Worker.run(ThreadPoolExecutor.java:635)
at java.base/java.lang.Thread.run(Thread.java:833)
]]>
            </full-stacktrace>
          </exception> <!-- org.openqa.selenium.SessionNotCreatedException -->
          <reporter-output>
          </reporter-output>
        </test-method> <!-- applicationLaunch -->
        <test-method signature="AddEmployee()[pri:1, instance:com.OranageHRMTestCases.OHRM_AddEmployee@5562c41e]" started-at="2023-02-08T12:40:01 IST" name="AddEmployee" finished-at="2023-02-08T12:40:01 IST" duration-ms="0" status="SKIP">
          <exception class="org.openqa.selenium.SessionNotCreatedException">
            <message>
              <![CDATA[session not created: This version of ChromeDriver only supports Chrome version 108
Current browser version is 110.0.5481.77 with binary path C:\Program Files\Google\Chrome\Application\chrome.exe
Build info: version: '3.141.59', revision: 'e82be7d358', time: '2018-11-14T08:25:53'
System info: host: 'RAJU', ip: '192.168.43.27', os.name: 'Windows 11', os.arch: 'amd64', os.version: '10.0', java.version: '17.0.5'
Driver info: driver.version: ChromeDriver
remote stacktrace: Backtrace:
(No symbol) [0x0035F243]
(No symbol) [0x002E7FD1]
(No symbol) [0x001DD04D]
(No symbol) [0x001FF6B4]
(No symbol) [0x001FA97C]
(No symbol) [0x001F82E9]
(No symbol) [0x0022F056]
(No symbol) [0x0022EB2A]
(No symbol) [0x00228386]
(No symbol) [0x0020163C]
(No symbol) [0x0020269D]
GetHandleVerifier [0x005F9A22+2655074]
GetHandleVerifier [0x005ECA24+2601828]
GetHandleVerifier [0x00408C0A+619850]
GetHandleVerifier [0x00407830+614768]
(No symbol) [0x002F05FC]
(No symbol) [0x002F5968]
(No symbol) [0x002F5A55]
(No symbol) [0x0030051B]
BaseThreadInitThunk [0x769F6BD9+25]
RtlGetFullPathName_UEx [0x774E8FD2+1218]
RtlGetFullPathName_UEx [0x774E8F9D+1165]
]]>
            </message>
            <full-stacktrace>
              <![CDATA[org.openqa.selenium.SessionNotCreatedException: session not created: This version of ChromeDriver only supports Chrome version 108
Current browser version is 110.0.5481.77 with binary path C:\Program Files\Google\Chrome\Application\chrome.exe
Build info: version: '3.141.59', revision: 'e82be7d358', time: '2018-11-14T08:25:53'
System info: host: 'RAJU', ip: '192.168.43.27', os.name: 'Windows 11', os.arch: 'amd64', os.version: '10.0', java.version: '17.0.5'
Driver info: driver.version: ChromeDriver
remote stacktrace: Backtrace:
(No symbol) [0x0035F243]
(No symbol) [0x002E7FD1]
(No symbol) [0x001DD04D]
(No symbol) [0x001FF6B4]
(No symbol) [0x001FA97C]
(No symbol) [0x001F82E9]
(No symbol) [0x0022F056]
(No symbol) [0x0022EB2A]
(No symbol) [0x00228386]
(No symbol) [0x0020163C]
(No symbol) [0x0020269D]
GetHandleVerifier [0x005F9A22+2655074]
GetHandleVerifier [0x005ECA24+2601828]
GetHandleVerifier [0x00408C0A+619850]
GetHandleVerifier [0x00407830+614768]
(No symbol) [0x002F05FC]
(No symbol) [0x002F5968]
(No symbol) [0x002F5A55]
(No symbol) [0x0030051B]
BaseThreadInitThunk [0x769F6BD9+25]
RtlGetFullPathName_UEx [0x774E8FD2+1218]
RtlGetFullPathName_UEx [0x774E8F9D+1165]

at java.base/jdk.internal.reflect.NativeConstructorAccessorImpl.newInstance0(Native Method)
at java.base/jdk.internal.reflect.NativeConstructorAccessorImpl.newInstance(NativeConstructorAccessorImpl.java:77)
at java.base/jdk.internal.reflect.DelegatingConstructorAccessorImpl.newInstance(DelegatingConstructorAccessorImpl.java:45)
at java.base/java.lang.reflect.Constructor.newInstanceWithCaller(Constructor.java:499)
at java.base/java.lang.reflect.Constructor.newInstance(Constructor.java:480)
at org.openqa.selenium.remote.W3CHandshakeResponse.lambda$errorHandler$0(W3CHandshakeResponse.java:62)
at org.openqa.selenium.remote.HandshakeResponse.lambda$getResponseFunction$0(HandshakeResponse.java:30)
at org.openqa.selenium.remote.ProtocolHandshake.lambda$createSession$0(ProtocolHandshake.java:126)
at java.base/java.util.stream.ReferencePipeline$3$1.accept(ReferencePipeline.java:197)
at java.base/java.util.Spliterators$ArraySpliterator.tryAdvance(Spliterators.java:1002)
at java.base/java.util.stream.ReferencePipeline.forEachWithCancel(ReferencePipeline.java:129)
at java.base/java.util.stream.AbstractPipeline.copyIntoWithCancel(AbstractPipeline.java:527)
at java.base/java.util.stream.AbstractPipeline.copyInto(AbstractPipeline.java:513)
at java.base/java.util.stream.AbstractPipeline.wrapAndCopyInto(AbstractPipeline.java:499)
at java.base/java.util.stream.FindOps$FindOp.evaluateSequential(FindOps.java:150)
at java.base/java.util.stream.AbstractPipeline.evaluate(AbstractPipeline.java:234)
at java.base/java.util.stream.ReferencePipeline.findFirst(ReferencePipeline.java:647)
at org.openqa.selenium.remote.ProtocolHandshake.createSession(ProtocolHandshake.java:128)
at org.openqa.selenium.remote.ProtocolHandshake.createSession(ProtocolHandshake.java:74)
at org.openqa.selenium.remote.HttpCommandExecutor.execute(HttpCommandExecutor.java:136)
at org.openqa.selenium.remote.service.DriverCommandExecutor.execute(DriverCommandExecutor.java:83)
at org.openqa.selenium.remote.RemoteWebDriver.execute(RemoteWebDriver.java:552)
at org.openqa.selenium.remote.RemoteWebDriver.startSession(RemoteWebDriver.java:213)
at org.openqa.selenium.remote.RemoteWebDriver.<init>(RemoteWebDriver.java:131)
at org.openqa.selenium.chrome.ChromeDriver.<init>(ChromeDriver.java:181)
at org.openqa.selenium.chrome.ChromeDriver.<init>(ChromeDriver.java:168)
at org.openqa.selenium.chrome.ChromeDriver.<init>(ChromeDriver.java:123)
at com.OrangeHRM.BaseTest.applicationLaunch(BaseTest.java:18)
at java.base/jdk.internal.reflect.NativeMethodAccessorImpl.invoke0(Native Method)
at java.base/jdk.internal.reflect.NativeMethodAccessorImpl.invoke(NativeMethodAccessorImpl.java:77)
at java.base/jdk.internal.reflect.DelegatingMethodAccessorImpl.invoke(DelegatingMethodAccessorImpl.java:43)
at java.base/java.lang.reflect.Method.invoke(Method.java:568)
at org.testng.internal.MethodInvocationHelper.invokeMethod(MethodInvocationHelper.java:133)
at org.testng.internal.MethodInvocationHelper.invokeMethodConsideringTimeout(MethodInvocationHelper.java:62)
at org.testng.internal.ConfigInvoker.invokeConfigurationMethod(ConfigInvoker.java:385)
at org.testng.internal.ConfigInvoker.invokeConfigurations(ConfigInvoker.java:321)
at org.testng.TestRunner.invokeTestConfigurations(TestRunner.java:637)
at org.testng.TestRunner.beforeRun(TestRunner.java:627)
at org.testng.TestRunner.run(TestRunner.java:589)
at org.testng.SuiteRunner.runTest(SuiteRunner.java:377)
at org.testng.SuiteRunner.access$000(SuiteRunner.java:28)
at org.testng.SuiteRunner$SuiteWorker.run(SuiteRunner.java:418)
at org.testng.internal.thread.ThreadUtil.lambda$execute$0(ThreadUtil.java:64)
at java.base/java.util.concurrent.FutureTask.run(FutureTask.java:264)
at java.base/java.util.concurrent.ThreadPoolExecutor.runWorker(ThreadPoolExecutor.java:1136)
at java.base/java.util.concurrent.ThreadPoolExecutor$Worker.run(ThreadPoolExecutor.java:635)
at java.base/java.lang.Thread.run(Thread.java:833)
]]>
            </full-stacktrace>
          </exception> <!-- org.openqa.selenium.SessionNotCreatedException -->
          <reporter-output>
          </reporter-output>
        </test-method> <!-- AddEmployee -->
        <test-method signature="LoginfuctionaltyTest()[pri:2, instance:com.OranageHRMTestCases.OHRM_AddEmployee@5562c41e]" started-at="2023-02-08T12:40:01 IST" name="LoginfuctionaltyTest" finished-at="2023-02-08T12:40:01 IST" duration-ms="0" status="SKIP">
          <exception class="org.openqa.selenium.SessionNotCreatedException">
            <message>
              <![CDATA[session not created: This version of ChromeDriver only supports Chrome version 108
Current browser version is 110.0.5481.77 with binary path C:\Program Files\Google\Chrome\Application\chrome.exe
Build info: version: '3.141.59', revision: 'e82be7d358', time: '2018-11-14T08:25:53'
System info: host: 'RAJU', ip: '192.168.43.27', os.name: 'Windows 11', os.arch: 'amd64', os.version: '10.0', java.version: '17.0.5'
Driver info: driver.version: ChromeDriver
remote stacktrace: Backtrace:
(No symbol) [0x0035F243]
(No symbol) [0x002E7FD1]
(No symbol) [0x001DD04D]
(No symbol) [0x001FF6B4]
(No symbol) [0x001FA97C]
(No symbol) [0x001F82E9]
(No symbol) [0x0022F056]
(No symbol) [0x0022EB2A]
(No symbol) [0x00228386]
(No symbol) [0x0020163C]
(No symbol) [0x0020269D]
GetHandleVerifier [0x005F9A22+2655074]
GetHandleVerifier [0x005ECA24+2601828]
GetHandleVerifier [0x00408C0A+619850]
GetHandleVerifier [0x00407830+614768]
(No symbol) [0x002F05FC]
(No symbol) [0x002F5968]
(No symbol) [0x002F5A55]
(No symbol) [0x0030051B]
BaseThreadInitThunk [0x769F6BD9+25]
RtlGetFullPathName_UEx [0x774E8FD2+1218]
RtlGetFullPathName_UEx [0x774E8F9D+1165]
]]>
            </message>
            <full-stacktrace>
              <![CDATA[org.openqa.selenium.SessionNotCreatedException: session not created: This version of ChromeDriver only supports Chrome version 108
Current browser version is 110.0.5481.77 with binary path C:\Program Files\Google\Chrome\Application\chrome.exe
Build info: version: '3.141.59', revision: 'e82be7d358', time: '2018-11-14T08:25:53'
System info: host: 'RAJU', ip: '192.168.43.27', os.name: 'Windows 11', os.arch: 'amd64', os.version: '10.0', java.version: '17.0.5'
Driver info: driver.version: ChromeDriver
remote stacktrace: Backtrace:
(No symbol) [0x0035F243]
(No symbol) [0x002E7FD1]
(No symbol) [0x001DD04D]
(No symbol) [0x001FF6B4]
(No symbol) [0x001FA97C]
(No symbol) [0x001F82E9]
(No symbol) [0x0022F056]
(No symbol) [0x0022EB2A]
(No symbol) [0x00228386]
(No symbol) [0x0020163C]
(No symbol) [0x0020269D]
GetHandleVerifier [0x005F9A22+2655074]
GetHandleVerifier [0x005ECA24+2601828]
GetHandleVerifier [0x00408C0A+619850]
GetHandleVerifier [0x00407830+614768]
(No symbol) [0x002F05FC]
(No symbol) [0x002F5968]
(No symbol) [0x002F5A55]
(No symbol) [0x0030051B]
BaseThreadInitThunk [0x769F6BD9+25]
RtlGetFullPathName_UEx [0x774E8FD2+1218]
RtlGetFullPathName_UEx [0x774E8F9D+1165]

at java.base/jdk.internal.reflect.NativeConstructorAccessorImpl.newInstance0(Native Method)
at java.base/jdk.internal.reflect.NativeConstructorAccessorImpl.newInstance(NativeConstructorAccessorImpl.java:77)
at java.base/jdk.internal.reflect.DelegatingConstructorAccessorImpl.newInstance(DelegatingConstructorAccessorImpl.java:45)
at java.base/java.lang.reflect.Constructor.newInstanceWithCaller(Constructor.java:499)
at java.base/java.lang.reflect.Constructor.newInstance(Constructor.java:480)
at org.openqa.selenium.remote.W3CHandshakeResponse.lambda$errorHandler$0(W3CHandshakeResponse.java:62)
at org.openqa.selenium.remote.HandshakeResponse.lambda$getResponseFunction$0(HandshakeResponse.java:30)
at org.openqa.selenium.remote.ProtocolHandshake.lambda$createSession$0(ProtocolHandshake.java:126)
at java.base/java.util.stream.ReferencePipeline$3$1.accept(ReferencePipeline.java:197)
at java.base/java.util.Spliterators$ArraySpliterator.tryAdvance(Spliterators.java:1002)
at java.base/java.util.stream.ReferencePipeline.forEachWithCancel(ReferencePipeline.java:129)
at java.base/java.util.stream.AbstractPipeline.copyIntoWithCancel(AbstractPipeline.java:527)
at java.base/java.util.stream.AbstractPipeline.copyInto(AbstractPipeline.java:513)
at java.base/java.util.stream.AbstractPipeline.wrapAndCopyInto(AbstractPipeline.java:499)
at java.base/java.util.stream.FindOps$FindOp.evaluateSequential(FindOps.java:150)
at java.base/java.util.stream.AbstractPipeline.evaluate(AbstractPipeline.java:234)
at java.base/java.util.stream.ReferencePipeline.findFirst(ReferencePipeline.java:647)
at org.openqa.selenium.remote.ProtocolHandshake.createSession(ProtocolHandshake.java:128)
at org.openqa.selenium.remote.ProtocolHandshake.createSession(ProtocolHandshake.java:74)
at org.openqa.selenium.remote.HttpCommandExecutor.execute(HttpCommandExecutor.java:136)
at org.openqa.selenium.remote.service.DriverCommandExecutor.execute(DriverCommandExecutor.java:83)
at org.openqa.selenium.remote.RemoteWebDriver.execute(RemoteWebDriver.java:552)
at org.openqa.selenium.remote.RemoteWebDriver.startSession(RemoteWebDriver.java:213)
at org.openqa.selenium.remote.RemoteWebDriver.<init>(RemoteWebDriver.java:131)
at org.openqa.selenium.chrome.ChromeDriver.<init>(ChromeDriver.java:181)
at org.openqa.selenium.chrome.ChromeDriver.<init>(ChromeDriver.java:168)
at org.openqa.selenium.chrome.ChromeDriver.<init>(ChromeDriver.java:123)
at com.OrangeHRM.BaseTest.applicationLaunch(BaseTest.java:18)
at java.base/jdk.internal.reflect.NativeMethodAccessorImpl.invoke0(Native Method)
at java.base/jdk.internal.reflect.NativeMethodAccessorImpl.invoke(NativeMethodAccessorImpl.java:77)
at java.base/jdk.internal.reflect.DelegatingMethodAccessorImpl.invoke(DelegatingMethodAccessorImpl.java:43)
at java.base/java.lang.reflect.Method.invoke(Method.java:568)
at org.testng.internal.MethodInvocationHelper.invokeMethod(MethodInvocationHelper.java:133)
at org.testng.internal.MethodInvocationHelper.invokeMethodConsideringTimeout(MethodInvocationHelper.java:62)
at org.testng.internal.ConfigInvoker.invokeConfigurationMethod(ConfigInvoker.java:385)
at org.testng.internal.ConfigInvoker.invokeConfigurations(ConfigInvoker.java:321)
at org.testng.TestRunner.invokeTestConfigurations(TestRunner.java:637)
at org.testng.TestRunner.beforeRun(TestRunner.java:627)
at org.testng.TestRunner.run(TestRunner.java:589)
at org.testng.SuiteRunner.runTest(SuiteRunner.java:377)
at org.testng.SuiteRunner.access$000(SuiteRunner.java:28)
at org.testng.SuiteRunner$SuiteWorker.run(SuiteRunner.java:418)
at org.testng.internal.thread.ThreadUtil.lambda$execute$0(ThreadUtil.java:64)
at java.base/java.util.concurrent.FutureTask.run(FutureTask.java:264)
at java.base/java.util.concurrent.ThreadPoolExecutor.runWorker(ThreadPoolExecutor.java:1136)
at java.base/java.util.concurrent.ThreadPoolExecutor$Worker.run(ThreadPoolExecutor.java:635)
at java.base/java.lang.Thread.run(Thread.java:833)
]]>
            </full-stacktrace>
          </exception> <!-- org.openqa.selenium.SessionNotCreatedException -->
          <reporter-output>
          </reporter-output>
        </test-method> <!-- LoginfuctionaltyTest -->
        <test-method signature="LogoutTest()[pri:3, instance:com.OranageHRMTestCases.OHRM_AddEmployee@5562c41e]" started-at="2023-02-08T12:40:01 IST" name="LogoutTest" finished-at="2023-02-08T12:40:01 IST" duration-ms="0" status="SKIP">
          <exception class="org.openqa.selenium.SessionNotCreatedException">
            <message>
              <![CDATA[session not created: This version of ChromeDriver only supports Chrome version 108
Current browser version is 110.0.5481.77 with binary path C:\Program Files\Google\Chrome\Application\chrome.exe
Build info: version: '3.141.59', revision: 'e82be7d358', time: '2018-11-14T08:25:53'
System info: host: 'RAJU', ip: '192.168.43.27', os.name: 'Windows 11', os.arch: 'amd64', os.version: '10.0', java.version: '17.0.5'
Driver info: driver.version: ChromeDriver
remote stacktrace: Backtrace:
(No symbol) [0x0035F243]
(No symbol) [0x002E7FD1]
(No symbol) [0x001DD04D]
(No symbol) [0x001FF6B4]
(No symbol) [0x001FA97C]
(No symbol) [0x001F82E9]
(No symbol) [0x0022F056]
(No symbol) [0x0022EB2A]
(No symbol) [0x00228386]
(No symbol) [0x0020163C]
(No symbol) [0x0020269D]
GetHandleVerifier [0x005F9A22+2655074]
GetHandleVerifier [0x005ECA24+2601828]
GetHandleVerifier [0x00408C0A+619850]
GetHandleVerifier [0x00407830+614768]
(No symbol) [0x002F05FC]
(No symbol) [0x002F5968]
(No symbol) [0x002F5A55]
(No symbol) [0x0030051B]
BaseThreadInitThunk [0x769F6BD9+25]
RtlGetFullPathName_UEx [0x774E8FD2+1218]
RtlGetFullPathName_UEx [0x774E8F9D+1165]
]]>
            </message>
            <full-stacktrace>
              <![CDATA[org.openqa.selenium.SessionNotCreatedException: session not created: This version of ChromeDriver only supports Chrome version 108
Current browser version is 110.0.5481.77 with binary path C:\Program Files\Google\Chrome\Application\chrome.exe
Build info: version: '3.141.59', revision: 'e82be7d358', time: '2018-11-14T08:25:53'
System info: host: 'RAJU', ip: '192.168.43.27', os.name: 'Windows 11', os.arch: 'amd64', os.version: '10.0', java.version: '17.0.5'
Driver info: driver.version: ChromeDriver
remote stacktrace: Backtrace:
(No symbol) [0x0035F243]
(No symbol) [0x002E7FD1]
(No symbol) [0x001DD04D]
(No symbol) [0x001FF6B4]
(No symbol) [0x001FA97C]
(No symbol) [0x001F82E9]
(No symbol) [0x0022F056]
(No symbol) [0x0022EB2A]
(No symbol) [0x00228386]
(No symbol) [0x0020163C]
(No symbol) [0x0020269D]
GetHandleVerifier [0x005F9A22+2655074]
GetHandleVerifier [0x005ECA24+2601828]
GetHandleVerifier [0x00408C0A+619850]
GetHandleVerifier [0x00407830+614768]
(No symbol) [0x002F05FC]
(No symbol) [0x002F5968]
(No symbol) [0x002F5A55]
(No symbol) [0x0030051B]
BaseThreadInitThunk [0x769F6BD9+25]
RtlGetFullPathName_UEx [0x774E8FD2+1218]
RtlGetFullPathName_UEx [0x774E8F9D+1165]

at java.base/jdk.internal.reflect.NativeConstructorAccessorImpl.newInstance0(Native Method)
at java.base/jdk.internal.reflect.NativeConstructorAccessorImpl.newInstance(NativeConstructorAccessorImpl.java:77)
at java.base/jdk.internal.reflect.DelegatingConstructorAccessorImpl.newInstance(DelegatingConstructorAccessorImpl.java:45)
at java.base/java.lang.reflect.Constructor.newInstanceWithCaller(Constructor.java:499)
at java.base/java.lang.reflect.Constructor.newInstance(Constructor.java:480)
at org.openqa.selenium.remote.W3CHandshakeResponse.lambda$errorHandler$0(W3CHandshakeResponse.java:62)
at org.openqa.selenium.remote.HandshakeResponse.lambda$getResponseFunction$0(HandshakeResponse.java:30)
at org.openqa.selenium.remote.ProtocolHandshake.lambda$createSession$0(ProtocolHandshake.java:126)
at java.base/java.util.stream.ReferencePipeline$3$1.accept(ReferencePipeline.java:197)
at java.base/java.util.Spliterators$ArraySpliterator.tryAdvance(Spliterators.java:1002)
at java.base/java.util.stream.ReferencePipeline.forEachWithCancel(ReferencePipeline.java:129)
at java.base/java.util.stream.AbstractPipeline.copyIntoWithCancel(AbstractPipeline.java:527)
at java.base/java.util.stream.AbstractPipeline.copyInto(AbstractPipeline.java:513)
at java.base/java.util.stream.AbstractPipeline.wrapAndCopyInto(AbstractPipeline.java:499)
at java.base/java.util.stream.FindOps$FindOp.evaluateSequential(FindOps.java:150)
at java.base/java.util.stream.AbstractPipeline.evaluate(AbstractPipeline.java:234)
at java.base/java.util.stream.ReferencePipeline.findFirst(ReferencePipeline.java:647)
at org.openqa.selenium.remote.ProtocolHandshake.createSession(ProtocolHandshake.java:128)
at org.openqa.selenium.remote.ProtocolHandshake.createSession(ProtocolHandshake.java:74)
at org.openqa.selenium.remote.HttpCommandExecutor.execute(HttpCommandExecutor.java:136)
at org.openqa.selenium.remote.service.DriverCommandExecutor.execute(DriverCommandExecutor.java:83)
at org.openqa.selenium.remote.RemoteWebDriver.execute(RemoteWebDriver.java:552)
at org.openqa.selenium.remote.RemoteWebDriver.startSession(RemoteWebDriver.java:213)
at org.openqa.selenium.remote.RemoteWebDriver.<init>(RemoteWebDriver.java:131)
at org.openqa.selenium.chrome.ChromeDriver.<init>(ChromeDriver.java:181)
at org.openqa.selenium.chrome.ChromeDriver.<init>(ChromeDriver.java:168)
at org.openqa.selenium.chrome.ChromeDriver.<init>(ChromeDriver.java:123)
at com.OrangeHRM.BaseTest.applicationLaunch(BaseTest.java:18)
at java.base/jdk.internal.reflect.NativeMethodAccessorImpl.invoke0(Native Method)
at java.base/jdk.internal.reflect.NativeMethodAccessorImpl.invoke(NativeMethodAccessorImpl.java:77)
at java.base/jdk.internal.reflect.DelegatingMethodAccessorImpl.invoke(DelegatingMethodAccessorImpl.java:43)
at java.base/java.lang.reflect.Method.invoke(Method.java:568)
at org.testng.internal.MethodInvocationHelper.invokeMethod(MethodInvocationHelper.java:133)
at org.testng.internal.MethodInvocationHelper.invokeMethodConsideringTimeout(MethodInvocationHelper.java:62)
at org.testng.internal.ConfigInvoker.invokeConfigurationMethod(ConfigInvoker.java:385)
at org.testng.internal.ConfigInvoker.invokeConfigurations(ConfigInvoker.java:321)
at org.testng.TestRunner.invokeTestConfigurations(TestRunner.java:637)
at org.testng.TestRunner.beforeRun(TestRunner.java:627)
at org.testng.TestRunner.run(TestRunner.java:589)
at org.testng.SuiteRunner.runTest(SuiteRunner.java:377)
at org.testng.SuiteRunner.access$000(SuiteRunner.java:28)
at org.testng.SuiteRunner$SuiteWorker.run(SuiteRunner.java:418)
at org.testng.internal.thread.ThreadUtil.lambda$execute$0(ThreadUtil.java:64)
at java.base/java.util.concurrent.FutureTask.run(FutureTask.java:264)
at java.base/java.util.concurrent.ThreadPoolExecutor.runWorker(ThreadPoolExecutor.java:1136)
at java.base/java.util.concurrent.ThreadPoolExecutor$Worker.run(ThreadPoolExecutor.java:635)
at java.base/java.lang.Thread.run(Thread.java:833)
]]>
            </full-stacktrace>
          </exception> <!-- org.openqa.selenium.SessionNotCreatedException -->
          <reporter-output>
          </reporter-output>
        </test-method> <!-- LogoutTest -->
        <test-method is-config="true" signature="Applicationclose()[pri:0, instance:com.OranageHRMTestCases.OHRM_AddEmployee@5562c41e]" started-at="2023-02-08T12:40:01 IST" name="Applicationclose" finished-at="1970-01-01T05:30:00 IST" duration-ms="-1675840201459" status="SKIP">
          <reporter-output>
          </reporter-output>
        </test-method> <!-- Applicationclose -->
      </class> <!-- com.OranageHRMTestCases.OHRM_AddEmployee -->
    </test> <!-- OrangeHRMApplicationAddEmployee -->
    <test started-at="2023-02-08T12:39:59 IST" name="OrangeHRMApplicationLogInTest" finished-at="2023-02-08T12:40:01 IST" duration-ms="2463">
      <class name="com.OranageHRMTestCases.OrangeHRM_LogInTest">
        <test-method is-config="true" signature="applicationLaunch()[pri:0, instance:com.OranageHRMTestCases.OrangeHRM_LogInTest@702b8b12]" started-at="2023-02-08T12:39:59 IST" name="applicationLaunch" finished-at="2023-02-08T12:40:01 IST" duration-ms="2193" status="FAIL">
          <exception class="org.openqa.selenium.SessionNotCreatedException">
            <message>
              <![CDATA[session not created: This version of ChromeDriver only supports Chrome version 108
Current browser version is 110.0.5481.77 with binary path C:\Program Files\Google\Chrome\Application\chrome.exe
Build info: version: '3.141.59', revision: 'e82be7d358', time: '2018-11-14T08:25:53'
System info: host: 'RAJU', ip: '192.168.43.27', os.name: 'Windows 11', os.arch: 'amd64', os.version: '10.0', java.version: '17.0.5'
Driver info: driver.version: ChromeDriver
remote stacktrace: Backtrace:
(No symbol) [0x0035F243]
(No symbol) [0x002E7FD1]
(No symbol) [0x001DD04D]
(No symbol) [0x001FF6B4]
(No symbol) [0x001FA97C]
(No symbol) [0x001F82E9]
(No symbol) [0x0022F056]
(No symbol) [0x0022EB2A]
(No symbol) [0x00228386]
(No symbol) [0x0020163C]
(No symbol) [0x0020269D]
GetHandleVerifier [0x005F9A22+2655074]
GetHandleVerifier [0x005ECA24+2601828]
GetHandleVerifier [0x00408C0A+619850]
GetHandleVerifier [0x00407830+614768]
(No symbol) [0x002F05FC]
(No symbol) [0x002F5968]
(No symbol) [0x002F5A55]
(No symbol) [0x0030051B]
BaseThreadInitThunk [0x769F6BD9+25]
RtlGetFullPathName_UEx [0x774E8FD2+1218]
RtlGetFullPathName_UEx [0x774E8F9D+1165]
]]>
            </message>
            <full-stacktrace>
              <![CDATA[org.openqa.selenium.SessionNotCreatedException: session not created: This version of ChromeDriver only supports Chrome version 108
Current browser version is 110.0.5481.77 with binary path C:\Program Files\Google\Chrome\Application\chrome.exe
Build info: version: '3.141.59', revision: 'e82be7d358', time: '2018-11-14T08:25:53'
System info: host: 'RAJU', ip: '192.168.43.27', os.name: 'Windows 11', os.arch: 'amd64', os.version: '10.0', java.version: '17.0.5'
Driver info: driver.version: ChromeDriver
remote stacktrace: Backtrace:
(No symbol) [0x0035F243]
(No symbol) [0x002E7FD1]
(No symbol) [0x001DD04D]
(No symbol) [0x001FF6B4]
(No symbol) [0x001FA97C]
(No symbol) [0x001F82E9]
(No symbol) [0x0022F056]
(No symbol) [0x0022EB2A]
(No symbol) [0x00228386]
(No symbol) [0x0020163C]
(No symbol) [0x0020269D]
GetHandleVerifier [0x005F9A22+2655074]
GetHandleVerifier [0x005ECA24+2601828]
GetHandleVerifier [0x00408C0A+619850]
GetHandleVerifier [0x00407830+614768]
(No symbol) [0x002F05FC]
(No symbol) [0x002F5968]
(No symbol) [0x002F5A55]
(No symbol) [0x0030051B]
BaseThreadInitThunk [0x769F6BD9+25]
RtlGetFullPathName_UEx [0x774E8FD2+1218]
RtlGetFullPathName_UEx [0x774E8F9D+1165]

at java.base/jdk.internal.reflect.NativeConstructorAccessorImpl.newInstance0(Native Method)
at java.base/jdk.internal.reflect.NativeConstructorAccessorImpl.newInstance(NativeConstructorAccessorImpl.java:77)
at java.base/jdk.internal.reflect.DelegatingConstructorAccessorImpl.newInstance(DelegatingConstructorAccessorImpl.java:45)
at java.base/java.lang.reflect.Constructor.newInstanceWithCaller(Constructor.java:499)
at java.base/java.lang.reflect.Constructor.newInstance(Constructor.java:480)
at org.openqa.selenium.remote.W3CHandshakeResponse.lambda$errorHandler$0(W3CHandshakeResponse.java:62)
at org.openqa.selenium.remote.HandshakeResponse.lambda$getResponseFunction$0(HandshakeResponse.java:30)
at org.openqa.selenium.remote.ProtocolHandshake.lambda$createSession$0(ProtocolHandshake.java:126)
at java.base/java.util.stream.ReferencePipeline$3$1.accept(ReferencePipeline.java:197)
at java.base/java.util.Spliterators$ArraySpliterator.tryAdvance(Spliterators.java:1002)
at java.base/java.util.stream.ReferencePipeline.forEachWithCancel(ReferencePipeline.java:129)
at java.base/java.util.stream.AbstractPipeline.copyIntoWithCancel(AbstractPipeline.java:527)
at java.base/java.util.stream.AbstractPipeline.copyInto(AbstractPipeline.java:513)
at java.base/java.util.stream.AbstractPipeline.wrapAndCopyInto(AbstractPipeline.java:499)
at java.base/java.util.stream.FindOps$FindOp.evaluateSequential(FindOps.java:150)
at java.base/java.util.stream.AbstractPipeline.evaluate(AbstractPipeline.java:234)
at java.base/java.util.stream.ReferencePipeline.findFirst(ReferencePipeline.java:647)
at org.openqa.selenium.remote.ProtocolHandshake.createSession(ProtocolHandshake.java:128)
at org.openqa.selenium.remote.ProtocolHandshake.createSession(ProtocolHandshake.java:74)
at org.openqa.selenium.remote.HttpCommandExecutor.execute(HttpCommandExecutor.java:136)
at org.openqa.selenium.remote.service.DriverCommandExecutor.execute(DriverCommandExecutor.java:83)
at org.openqa.selenium.remote.RemoteWebDriver.execute(RemoteWebDriver.java:552)
at org.openqa.selenium.remote.RemoteWebDriver.startSession(RemoteWebDriver.java:213)
at org.openqa.selenium.remote.RemoteWebDriver.<init>(RemoteWebDriver.java:131)
at org.openqa.selenium.chrome.ChromeDriver.<init>(ChromeDriver.java:181)
at org.openqa.selenium.chrome.ChromeDriver.<init>(ChromeDriver.java:168)
at org.openqa.selenium.chrome.ChromeDriver.<init>(ChromeDriver.java:123)
at com.OrangeHRM.BaseTest.applicationLaunch(BaseTest.java:18)
at java.base/jdk.internal.reflect.NativeMethodAccessorImpl.invoke0(Native Method)
at java.base/jdk.internal.reflect.NativeMethodAccessorImpl.invoke(NativeMethodAccessorImpl.java:77)
at java.base/jdk.internal.reflect.DelegatingMethodAccessorImpl.invoke(DelegatingMethodAccessorImpl.java:43)
at java.base/java.lang.reflect.Method.invoke(Method.java:568)
at org.testng.internal.MethodInvocationHelper.invokeMethod(MethodInvocationHelper.java:133)
at org.testng.internal.MethodInvocationHelper.invokeMethodConsideringTimeout(MethodInvocationHelper.java:62)
at org.testng.internal.ConfigInvoker.invokeConfigurationMethod(ConfigInvoker.java:385)
at org.testng.internal.ConfigInvoker.invokeConfigurations(ConfigInvoker.java:321)
at org.testng.TestRunner.invokeTestConfigurations(TestRunner.java:637)
at org.testng.TestRunner.beforeRun(TestRunner.java:627)
at org.testng.TestRunner.run(TestRunner.java:589)
at org.testng.SuiteRunner.runTest(SuiteRunner.java:377)
at org.testng.SuiteRunner.access$000(SuiteRunner.java:28)
at org.testng.SuiteRunner$SuiteWorker.run(SuiteRunner.java:418)
at org.testng.internal.thread.ThreadUtil.lambda$execute$0(ThreadUtil.java:64)
at java.base/java.util.concurrent.FutureTask.run(FutureTask.java:264)
at java.base/java.util.concurrent.ThreadPoolExecutor.runWorker(ThreadPoolExecutor.java:1136)
at java.base/java.util.concurrent.ThreadPoolExecutor$Worker.run(ThreadPoolExecutor.java:635)
at java.base/java.lang.Thread.run(Thread.java:833)
]]>
            </full-stacktrace>
          </exception> <!-- org.openqa.selenium.SessionNotCreatedException -->
          <reporter-output>
          </reporter-output>
        </test-method> <!-- applicationLaunch -->
        <test-method signature="LoginPanelTest()[pri:1, instance:com.OranageHRMTestCases.OrangeHRM_LogInTest@702b8b12]" started-at="2023-02-08T12:40:01 IST" name="LoginPanelTest" description="OangeHRMApplicationLogInpageTextValidation" finished-at="2023-02-08T12:40:01 IST" duration-ms="0" status="SKIP">
          <exception class="org.openqa.selenium.SessionNotCreatedException">
            <message>
              <![CDATA[session not created: This version of ChromeDriver only supports Chrome version 108
Current browser version is 110.0.5481.77 with binary path C:\Program Files\Google\Chrome\Application\chrome.exe
Build info: version: '3.141.59', revision: 'e82be7d358', time: '2018-11-14T08:25:53'
System info: host: 'RAJU', ip: '192.168.43.27', os.name: 'Windows 11', os.arch: 'amd64', os.version: '10.0', java.version: '17.0.5'
Driver info: driver.version: ChromeDriver
remote stacktrace: Backtrace:
(No symbol) [0x0035F243]
(No symbol) [0x002E7FD1]
(No symbol) [0x001DD04D]
(No symbol) [0x001FF6B4]
(No symbol) [0x001FA97C]
(No symbol) [0x001F82E9]
(No symbol) [0x0022F056]
(No symbol) [0x0022EB2A]
(No symbol) [0x00228386]
(No symbol) [0x0020163C]
(No symbol) [0x0020269D]
GetHandleVerifier [0x005F9A22+2655074]
GetHandleVerifier [0x005ECA24+2601828]
GetHandleVerifier [0x00408C0A+619850]
GetHandleVerifier [0x00407830+614768]
(No symbol) [0x002F05FC]
(No symbol) [0x002F5968]
(No symbol) [0x002F5A55]
(No symbol) [0x0030051B]
BaseThreadInitThunk [0x769F6BD9+25]
RtlGetFullPathName_UEx [0x774E8FD2+1218]
RtlGetFullPathName_UEx [0x774E8F9D+1165]
]]>
            </message>
            <full-stacktrace>
              <![CDATA[org.openqa.selenium.SessionNotCreatedException: session not created: This version of ChromeDriver only supports Chrome version 108
Current browser version is 110.0.5481.77 with binary path C:\Program Files\Google\Chrome\Application\chrome.exe
Build info: version: '3.141.59', revision: 'e82be7d358', time: '2018-11-14T08:25:53'
System info: host: 'RAJU', ip: '192.168.43.27', os.name: 'Windows 11', os.arch: 'amd64', os.version: '10.0', java.version: '17.0.5'
Driver info: driver.version: ChromeDriver
remote stacktrace: Backtrace:
(No symbol) [0x0035F243]
(No symbol) [0x002E7FD1]
(No symbol) [0x001DD04D]
(No symbol) [0x001FF6B4]
(No symbol) [0x001FA97C]
(No symbol) [0x001F82E9]
(No symbol) [0x0022F056]
(No symbol) [0x0022EB2A]
(No symbol) [0x00228386]
(No symbol) [0x0020163C]
(No symbol) [0x0020269D]
GetHandleVerifier [0x005F9A22+2655074]
GetHandleVerifier [0x005ECA24+2601828]
GetHandleVerifier [0x00408C0A+619850]
GetHandleVerifier [0x00407830+614768]
(No symbol) [0x002F05FC]
(No symbol) [0x002F5968]
(No symbol) [0x002F5A55]
(No symbol) [0x0030051B]
BaseThreadInitThunk [0x769F6BD9+25]
RtlGetFullPathName_UEx [0x774E8FD2+1218]
RtlGetFullPathName_UEx [0x774E8F9D+1165]

at java.base/jdk.internal.reflect.NativeConstructorAccessorImpl.newInstance0(Native Method)
at java.base/jdk.internal.reflect.NativeConstructorAccessorImpl.newInstance(NativeConstructorAccessorImpl.java:77)
at java.base/jdk.internal.reflect.DelegatingConstructorAccessorImpl.newInstance(DelegatingConstructorAccessorImpl.java:45)
at java.base/java.lang.reflect.Constructor.newInstanceWithCaller(Constructor.java:499)
at java.base/java.lang.reflect.Constructor.newInstance(Constructor.java:480)
at org.openqa.selenium.remote.W3CHandshakeResponse.lambda$errorHandler$0(W3CHandshakeResponse.java:62)
at org.openqa.selenium.remote.HandshakeResponse.lambda$getResponseFunction$0(HandshakeResponse.java:30)
at org.openqa.selenium.remote.ProtocolHandshake.lambda$createSession$0(ProtocolHandshake.java:126)
at java.base/java.util.stream.ReferencePipeline$3$1.accept(ReferencePipeline.java:197)
at java.base/java.util.Spliterators$ArraySpliterator.tryAdvance(Spliterators.java:1002)
at java.base/java.util.stream.ReferencePipeline.forEachWithCancel(ReferencePipeline.java:129)
at java.base/java.util.stream.AbstractPipeline.copyIntoWithCancel(AbstractPipeline.java:527)
at java.base/java.util.stream.AbstractPipeline.copyInto(AbstractPipeline.java:513)
at java.base/java.util.stream.AbstractPipeline.wrapAndCopyInto(AbstractPipeline.java:499)
at java.base/java.util.stream.FindOps$FindOp.evaluateSequential(FindOps.java:150)
at java.base/java.util.stream.AbstractPipeline.evaluate(AbstractPipeline.java:234)
at java.base/java.util.stream.ReferencePipeline.findFirst(ReferencePipeline.java:647)
at org.openqa.selenium.remote.ProtocolHandshake.createSession(ProtocolHandshake.java:128)
at org.openqa.selenium.remote.ProtocolHandshake.createSession(ProtocolHandshake.java:74)
at org.openqa.selenium.remote.HttpCommandExecutor.execute(HttpCommandExecutor.java:136)
at org.openqa.selenium.remote.service.DriverCommandExecutor.execute(DriverCommandExecutor.java:83)
at org.openqa.selenium.remote.RemoteWebDriver.execute(RemoteWebDriver.java:552)
at org.openqa.selenium.remote.RemoteWebDriver.startSession(RemoteWebDriver.java:213)
at org.openqa.selenium.remote.RemoteWebDriver.<init>(RemoteWebDriver.java:131)
at org.openqa.selenium.chrome.ChromeDriver.<init>(ChromeDriver.java:181)
at org.openqa.selenium.chrome.ChromeDriver.<init>(ChromeDriver.java:168)
at org.openqa.selenium.chrome.ChromeDriver.<init>(ChromeDriver.java:123)
at com.OrangeHRM.BaseTest.applicationLaunch(BaseTest.java:18)
at java.base/jdk.internal.reflect.NativeMethodAccessorImpl.invoke0(Native Method)
at java.base/jdk.internal.reflect.NativeMethodAccessorImpl.invoke(NativeMethodAccessorImpl.java:77)
at java.base/jdk.internal.reflect.DelegatingMethodAccessorImpl.invoke(DelegatingMethodAccessorImpl.java:43)
at java.base/java.lang.reflect.Method.invoke(Method.java:568)
at org.testng.internal.MethodInvocationHelper.invokeMethod(MethodInvocationHelper.java:133)
at org.testng.internal.MethodInvocationHelper.invokeMethodConsideringTimeout(MethodInvocationHelper.java:62)
at org.testng.internal.ConfigInvoker.invokeConfigurationMethod(ConfigInvoker.java:385)
at org.testng.internal.ConfigInvoker.invokeConfigurations(ConfigInvoker.java:321)
at org.testng.TestRunner.invokeTestConfigurations(TestRunner.java:637)
at org.testng.TestRunner.beforeRun(TestRunner.java:627)
at org.testng.TestRunner.run(TestRunner.java:589)
at org.testng.SuiteRunner.runTest(SuiteRunner.java:377)
at org.testng.SuiteRunner.access$000(SuiteRunner.java:28)
at org.testng.SuiteRunner$SuiteWorker.run(SuiteRunner.java:418)
at org.testng.internal.thread.ThreadUtil.lambda$execute$0(ThreadUtil.java:64)
at java.base/java.util.concurrent.FutureTask.run(FutureTask.java:264)
at java.base/java.util.concurrent.ThreadPoolExecutor.runWorker(ThreadPoolExecutor.java:1136)
at java.base/java.util.concurrent.ThreadPoolExecutor$Worker.run(ThreadPoolExecutor.java:635)
at java.base/java.lang.Thread.run(Thread.java:833)
]]>
            </full-stacktrace>
          </exception> <!-- org.openqa.selenium.SessionNotCreatedException -->
          <reporter-output>
          </reporter-output>
        </test-method> <!-- LoginPanelTest -->
        <test-method signature="LoginFuctionalityTest()[pri:2, instance:com.OranageHRMTestCases.OrangeHRM_LogInTest@702b8b12]" started-at="2023-02-08T12:40:01 IST" name="LoginFuctionalityTest" finished-at="2023-02-08T12:40:01 IST" duration-ms="0" status="SKIP">
          <exception class="org.openqa.selenium.SessionNotCreatedException">
            <message>
              <![CDATA[session not created: This version of ChromeDriver only supports Chrome version 108
Current browser version is 110.0.5481.77 with binary path C:\Program Files\Google\Chrome\Application\chrome.exe
Build info: version: '3.141.59', revision: 'e82be7d358', time: '2018-11-14T08:25:53'
System info: host: 'RAJU', ip: '192.168.43.27', os.name: 'Windows 11', os.arch: 'amd64', os.version: '10.0', java.version: '17.0.5'
Driver info: driver.version: ChromeDriver
remote stacktrace: Backtrace:
(No symbol) [0x0035F243]
(No symbol) [0x002E7FD1]
(No symbol) [0x001DD04D]
(No symbol) [0x001FF6B4]
(No symbol) [0x001FA97C]
(No symbol) [0x001F82E9]
(No symbol) [0x0022F056]
(No symbol) [0x0022EB2A]
(No symbol) [0x00228386]
(No symbol) [0x0020163C]
(No symbol) [0x0020269D]
GetHandleVerifier [0x005F9A22+2655074]
GetHandleVerifier [0x005ECA24+2601828]
GetHandleVerifier [0x00408C0A+619850]
GetHandleVerifier [0x00407830+614768]
(No symbol) [0x002F05FC]
(No symbol) [0x002F5968]
(No symbol) [0x002F5A55]
(No symbol) [0x0030051B]
BaseThreadInitThunk [0x769F6BD9+25]
RtlGetFullPathName_UEx [0x774E8FD2+1218]
RtlGetFullPathName_UEx [0x774E8F9D+1165]
]]>
            </message>
            <full-stacktrace>
              <![CDATA[org.openqa.selenium.SessionNotCreatedException: session not created: This version of ChromeDriver only supports Chrome version 108
Current browser version is 110.0.5481.77 with binary path C:\Program Files\Google\Chrome\Application\chrome.exe
Build info: version: '3.141.59', revision: 'e82be7d358', time: '2018-11-14T08:25:53'
System info: host: 'RAJU', ip: '192.168.43.27', os.name: 'Windows 11', os.arch: 'amd64', os.version: '10.0', java.version: '17.0.5'
Driver info: driver.version: ChromeDriver
remote stacktrace: Backtrace:
(No symbol) [0x0035F243]
(No symbol) [0x002E7FD1]
(No symbol) [0x001DD04D]
(No symbol) [0x001FF6B4]
(No symbol) [0x001FA97C]
(No symbol) [0x001F82E9]
(No symbol) [0x0022F056]
(No symbol) [0x0022EB2A]
(No symbol) [0x00228386]
(No symbol) [0x0020163C]
(No symbol) [0x0020269D]
GetHandleVerifier [0x005F9A22+2655074]
GetHandleVerifier [0x005ECA24+2601828]
GetHandleVerifier [0x00408C0A+619850]
GetHandleVerifier [0x00407830+614768]
(No symbol) [0x002F05FC]
(No symbol) [0x002F5968]
(No symbol) [0x002F5A55]
(No symbol) [0x0030051B]
BaseThreadInitThunk [0x769F6BD9+25]
RtlGetFullPathName_UEx [0x774E8FD2+1218]
RtlGetFullPathName_UEx [0x774E8F9D+1165]

at java.base/jdk.internal.reflect.NativeConstructorAccessorImpl.newInstance0(Native Method)
at java.base/jdk.internal.reflect.NativeConstructorAccessorImpl.newInstance(NativeConstructorAccessorImpl.java:77)
at java.base/jdk.internal.reflect.DelegatingConstructorAccessorImpl.newInstance(DelegatingConstructorAccessorImpl.java:45)
at java.base/java.lang.reflect.Constructor.newInstanceWithCaller(Constructor.java:499)
at java.base/java.lang.reflect.Constructor.newInstance(Constructor.java:480)
at org.openqa.selenium.remote.W3CHandshakeResponse.lambda$errorHandler$0(W3CHandshakeResponse.java:62)
at org.openqa.selenium.remote.HandshakeResponse.lambda$getResponseFunction$0(HandshakeResponse.java:30)
at org.openqa.selenium.remote.ProtocolHandshake.lambda$createSession$0(ProtocolHandshake.java:126)
at java.base/java.util.stream.ReferencePipeline$3$1.accept(ReferencePipeline.java:197)
at java.base/java.util.Spliterators$ArraySpliterator.tryAdvance(Spliterators.java:1002)
at java.base/java.util.stream.ReferencePipeline.forEachWithCancel(ReferencePipeline.java:129)
at java.base/java.util.stream.AbstractPipeline.copyIntoWithCancel(AbstractPipeline.java:527)
at java.base/java.util.stream.AbstractPipeline.copyInto(AbstractPipeline.java:513)
at java.base/java.util.stream.AbstractPipeline.wrapAndCopyInto(AbstractPipeline.java:499)
at java.base/java.util.stream.FindOps$FindOp.evaluateSequential(FindOps.java:150)
at java.base/java.util.stream.AbstractPipeline.evaluate(AbstractPipeline.java:234)
at java.base/java.util.stream.ReferencePipeline.findFirst(ReferencePipeline.java:647)
at org.openqa.selenium.remote.ProtocolHandshake.createSession(ProtocolHandshake.java:128)
at org.openqa.selenium.remote.ProtocolHandshake.createSession(ProtocolHandshake.java:74)
at org.openqa.selenium.remote.HttpCommandExecutor.execute(HttpCommandExecutor.java:136)
at org.openqa.selenium.remote.service.DriverCommandExecutor.execute(DriverCommandExecutor.java:83)
at org.openqa.selenium.remote.RemoteWebDriver.execute(RemoteWebDriver.java:552)
at org.openqa.selenium.remote.RemoteWebDriver.startSession(RemoteWebDriver.java:213)
at org.openqa.selenium.remote.RemoteWebDriver.<init>(RemoteWebDriver.java:131)
at org.openqa.selenium.chrome.ChromeDriver.<init>(ChromeDriver.java:181)
at org.openqa.selenium.chrome.ChromeDriver.<init>(ChromeDriver.java:168)
at org.openqa.selenium.chrome.ChromeDriver.<init>(ChromeDriver.java:123)
at com.OrangeHRM.BaseTest.applicationLaunch(BaseTest.java:18)
at java.base/jdk.internal.reflect.NativeMethodAccessorImpl.invoke0(Native Method)
at java.base/jdk.internal.reflect.NativeMethodAccessorImpl.invoke(NativeMethodAccessorImpl.java:77)
at java.base/jdk.internal.reflect.DelegatingMethodAccessorImpl.invoke(DelegatingMethodAccessorImpl.java:43)
at java.base/java.lang.reflect.Method.invoke(Method.java:568)
at org.testng.internal.MethodInvocationHelper.invokeMethod(MethodInvocationHelper.java:133)
at org.testng.internal.MethodInvocationHelper.invokeMethodConsideringTimeout(MethodInvocationHelper.java:62)
at org.testng.internal.ConfigInvoker.invokeConfigurationMethod(ConfigInvoker.java:385)
at org.testng.internal.ConfigInvoker.invokeConfigurations(ConfigInvoker.java:321)
at org.testng.TestRunner.invokeTestConfigurations(TestRunner.java:637)
at org.testng.TestRunner.beforeRun(TestRunner.java:627)
at org.testng.TestRunner.run(TestRunner.java:589)
at org.testng.SuiteRunner.runTest(SuiteRunner.java:377)
at org.testng.SuiteRunner.access$000(SuiteRunner.java:28)
at org.testng.SuiteRunner$SuiteWorker.run(SuiteRunner.java:418)
at org.testng.internal.thread.ThreadUtil.lambda$execute$0(ThreadUtil.java:64)
at java.base/java.util.concurrent.FutureTask.run(FutureTask.java:264)
at java.base/java.util.concurrent.ThreadPoolExecutor.runWorker(ThreadPoolExecutor.java:1136)
at java.base/java.util.concurrent.ThreadPoolExecutor$Worker.run(ThreadPoolExecutor.java:635)
at java.base/java.lang.Thread.run(Thread.java:833)
]]>
            </full-stacktrace>
          </exception> <!-- org.openqa.selenium.SessionNotCreatedException -->
          <reporter-output>
          </reporter-output>
        </test-method> <!-- LoginFuctionalityTest -->
        <test-method signature="LogOutTest()[pri:3, instance:com.OranageHRMTestCases.OrangeHRM_LogInTest@702b8b12]" started-at="2023-02-08T12:40:01 IST" name="LogOutTest" finished-at="2023-02-08T12:40:01 IST" duration-ms="0" status="SKIP">
          <exception class="org.openqa.selenium.SessionNotCreatedException">
            <message>
              <![CDATA[session not created: This version of ChromeDriver only supports Chrome version 108
Current browser version is 110.0.5481.77 with binary path C:\Program Files\Google\Chrome\Application\chrome.exe
Build info: version: '3.141.59', revision: 'e82be7d358', time: '2018-11-14T08:25:53'
System info: host: 'RAJU', ip: '192.168.43.27', os.name: 'Windows 11', os.arch: 'amd64', os.version: '10.0', java.version: '17.0.5'
Driver info: driver.version: ChromeDriver
remote stacktrace: Backtrace:
(No symbol) [0x0035F243]
(No symbol) [0x002E7FD1]
(No symbol) [0x001DD04D]
(No symbol) [0x001FF6B4]
(No symbol) [0x001FA97C]
(No symbol) [0x001F82E9]
(No symbol) [0x0022F056]
(No symbol) [0x0022EB2A]
(No symbol) [0x00228386]
(No symbol) [0x0020163C]
(No symbol) [0x0020269D]
GetHandleVerifier [0x005F9A22+2655074]
GetHandleVerifier [0x005ECA24+2601828]
GetHandleVerifier [0x00408C0A+619850]
GetHandleVerifier [0x00407830+614768]
(No symbol) [0x002F05FC]
(No symbol) [0x002F5968]
(No symbol) [0x002F5A55]
(No symbol) [0x0030051B]
BaseThreadInitThunk [0x769F6BD9+25]
RtlGetFullPathName_UEx [0x774E8FD2+1218]
RtlGetFullPathName_UEx [0x774E8F9D+1165]
]]>
            </message>
            <full-stacktrace>
              <![CDATA[org.openqa.selenium.SessionNotCreatedException: session not created: This version of ChromeDriver only supports Chrome version 108
Current browser version is 110.0.5481.77 with binary path C:\Program Files\Google\Chrome\Application\chrome.exe
Build info: version: '3.141.59', revision: 'e82be7d358', time: '2018-11-14T08:25:53'
System info: host: 'RAJU', ip: '192.168.43.27', os.name: 'Windows 11', os.arch: 'amd64', os.version: '10.0', java.version: '17.0.5'
Driver info: driver.version: ChromeDriver
remote stacktrace: Backtrace:
(No symbol) [0x0035F243]
(No symbol) [0x002E7FD1]
(No symbol) [0x001DD04D]
(No symbol) [0x001FF6B4]
(No symbol) [0x001FA97C]
(No symbol) [0x001F82E9]
(No symbol) [0x0022F056]
(No symbol) [0x0022EB2A]
(No symbol) [0x00228386]
(No symbol) [0x0020163C]
(No symbol) [0x0020269D]
GetHandleVerifier [0x005F9A22+2655074]
GetHandleVerifier [0x005ECA24+2601828]
GetHandleVerifier [0x00408C0A+619850]
GetHandleVerifier [0x00407830+614768]
(No symbol) [0x002F05FC]
(No symbol) [0x002F5968]
(No symbol) [0x002F5A55]
(No symbol) [0x0030051B]
BaseThreadInitThunk [0x769F6BD9+25]
RtlGetFullPathName_UEx [0x774E8FD2+1218]
RtlGetFullPathName_UEx [0x774E8F9D+1165]

at java.base/jdk.internal.reflect.NativeConstructorAccessorImpl.newInstance0(Native Method)
at java.base/jdk.internal.reflect.NativeConstructorAccessorImpl.newInstance(NativeConstructorAccessorImpl.java:77)
at java.base/jdk.internal.reflect.DelegatingConstructorAccessorImpl.newInstance(DelegatingConstructorAccessorImpl.java:45)
at java.base/java.lang.reflect.Constructor.newInstanceWithCaller(Constructor.java:499)
at java.base/java.lang.reflect.Constructor.newInstance(Constructor.java:480)
at org.openqa.selenium.remote.W3CHandshakeResponse.lambda$errorHandler$0(W3CHandshakeResponse.java:62)
at org.openqa.selenium.remote.HandshakeResponse.lambda$getResponseFunction$0(HandshakeResponse.java:30)
at org.openqa.selenium.remote.ProtocolHandshake.lambda$createSession$0(ProtocolHandshake.java:126)
at java.base/java.util.stream.ReferencePipeline$3$1.accept(ReferencePipeline.java:197)
at java.base/java.util.Spliterators$ArraySpliterator.tryAdvance(Spliterators.java:1002)
at java.base/java.util.stream.ReferencePipeline.forEachWithCancel(ReferencePipeline.java:129)
at java.base/java.util.stream.AbstractPipeline.copyIntoWithCancel(AbstractPipeline.java:527)
at java.base/java.util.stream.AbstractPipeline.copyInto(AbstractPipeline.java:513)
at java.base/java.util.stream.AbstractPipeline.wrapAndCopyInto(AbstractPipeline.java:499)
at java.base/java.util.stream.FindOps$FindOp.evaluateSequential(FindOps.java:150)
at java.base/java.util.stream.AbstractPipeline.evaluate(AbstractPipeline.java:234)
at java.base/java.util.stream.ReferencePipeline.findFirst(ReferencePipeline.java:647)
at org.openqa.selenium.remote.ProtocolHandshake.createSession(ProtocolHandshake.java:128)
at org.openqa.selenium.remote.ProtocolHandshake.createSession(ProtocolHandshake.java:74)
at org.openqa.selenium.remote.HttpCommandExecutor.execute(HttpCommandExecutor.java:136)
at org.openqa.selenium.remote.service.DriverCommandExecutor.execute(DriverCommandExecutor.java:83)
at org.openqa.selenium.remote.RemoteWebDriver.execute(RemoteWebDriver.java:552)
at org.openqa.selenium.remote.RemoteWebDriver.startSession(RemoteWebDriver.java:213)
at org.openqa.selenium.remote.RemoteWebDriver.<init>(RemoteWebDriver.java:131)
at org.openqa.selenium.chrome.ChromeDriver.<init>(ChromeDriver.java:181)
at org.openqa.selenium.chrome.ChromeDriver.<init>(ChromeDriver.java:168)
at org.openqa.selenium.chrome.ChromeDriver.<init>(ChromeDriver.java:123)
at com.OrangeHRM.BaseTest.applicationLaunch(BaseTest.java:18)
at java.base/jdk.internal.reflect.NativeMethodAccessorImpl.invoke0(Native Method)
at java.base/jdk.internal.reflect.NativeMethodAccessorImpl.invoke(NativeMethodAccessorImpl.java:77)
at java.base/jdk.internal.reflect.DelegatingMethodAccessorImpl.invoke(DelegatingMethodAccessorImpl.java:43)
at java.base/java.lang.reflect.Method.invoke(Method.java:568)
at org.testng.internal.MethodInvocationHelper.invokeMethod(MethodInvocationHelper.java:133)
at org.testng.internal.MethodInvocationHelper.invokeMethodConsideringTimeout(MethodInvocationHelper.java:62)
at org.testng.internal.ConfigInvoker.invokeConfigurationMethod(ConfigInvoker.java:385)
at org.testng.internal.ConfigInvoker.invokeConfigurations(ConfigInvoker.java:321)
at org.testng.TestRunner.invokeTestConfigurations(TestRunner.java:637)
at org.testng.TestRunner.beforeRun(TestRunner.java:627)
at org.testng.TestRunner.run(TestRunner.java:589)
at org.testng.SuiteRunner.runTest(SuiteRunner.java:377)
at org.testng.SuiteRunner.access$000(SuiteRunner.java:28)
at org.testng.SuiteRunner$SuiteWorker.run(SuiteRunner.java:418)
at org.testng.internal.thread.ThreadUtil.lambda$execute$0(ThreadUtil.java:64)
at java.base/java.util.concurrent.FutureTask.run(FutureTask.java:264)
at java.base/java.util.concurrent.ThreadPoolExecutor.runWorker(ThreadPoolExecutor.java:1136)
at java.base/java.util.concurrent.ThreadPoolExecutor$Worker.run(ThreadPoolExecutor.java:635)
at java.base/java.lang.Thread.run(Thread.java:833)
]]>
            </full-stacktrace>
          </exception> <!-- org.openqa.selenium.SessionNotCreatedException -->
          <reporter-output>
          </reporter-output>
        </test-method> <!-- LogOutTest -->
        <test-method is-config="true" signature="Applicationclose()[pri:0, instance:com.OranageHRMTestCases.OrangeHRM_LogInTest@702b8b12]" started-at="2023-02-08T12:40:01 IST" name="Applicationclose" finished-at="1970-01-01T05:30:00 IST" duration-ms="-1675840201569" status="SKIP">
          <reporter-output>
          </reporter-output>
        </test-method> <!-- Applicationclose -->
      </class> <!-- com.OranageHRMTestCases.OrangeHRM_LogInTest -->
    </test> <!-- OrangeHRMApplicationLogInTest -->
  </suite> <!-- OrangeHRMApplication -->
</testng-results>
