<?xml version="1.0" encoding="UTF-8"?>
<!-- Generated by org.testng.reporters.JUnitXMLReporter -->
<testsuite ignored="0" hostname="RAJU" failures="1" tests="1" name="chrome" time="0.079" errors="0" timestamp="2023-02-05T23:59:23 IST">
  <testcase classname="com.GRID.OHRMApplicationLoginTest" name="loginTest" time="0.0">
    <failure type="org.testng.TestNGException" message="
Parameter &amp;apos;Browser&amp;apos; is required by @Test on method loginTest but has not been marked @Optional or defined
in C:\Users\PULI RAJU\eclipse-workspace\eclipse-workspace\javaProject\TestNG.XmlFile\testng.xml">
      <![CDATA[org.testng.TestNGException: 
Parameter 'Browser' is required by @Test on method loginTest but has not been marked @Optional or defined
in C:\Users\PULI RAJU\eclipse-workspace\eclipse-workspace\javaProject\TestNG.XmlFile\testng.xml
at java.base/java.util.ArrayList.forEach(ArrayList.java:1511)
... Removed 26 stack frames]]>
    </failure>
  </testcase> <!-- loginTest -->
</testsuite> <!-- chrome -->
